[21:14:22] [ServerMain/INFO]: [bootstrap] Running Java 21 (OpenJDK 64-Bit Server VM 21.0.4+7-LTS; Eclipse Adoptium Temurin-21.0.4+7) on Linux 6.8.0-51-generic (amd64)
[21:14:22] [ServerMain/INFO]: [bootstrap] Loading Paper 1.21.3-82-ver/1.21.3@5a60ffb (2024-12-23T19:10:30Z) for Minecraft 1.21.3
[21:14:22] [ServerMain/INFO]: [PluginInitializerManager] Initializing plugins...
[21:14:22] [ServerMain/INFO]: [PluginInitializerManager] Initialized 0 plugins
[21:14:22] [Paper Plugin Remapper Thread - 1/INFO]: [ReobfServer] Remapping server...
[21:14:29] [ServerMain/INFO]: Environment: Environment[sessionHost=https://sessionserver.mojang.com, servicesHost=https://api.minecraftservices.com, name=PROD]
[21:14:29] [ServerMain/INFO]: Found new data pack file/bukkit, loading it automatically
[21:14:29] [ServerMain/INFO]: Found new data pack paper, loading it automatically
[21:14:30] [ServerMain/INFO]: No existing world data, creating new world
[21:14:30] [Paper Plugin Remapper Thread - 1/INFO]: [ReobfServer] Done remapping server in 7389ms.
[21:14:30] [ServerMain/INFO]: Loaded 1337 recipes
[21:14:30] [ServerMain/INFO]: Loaded 1448 advancements
[21:14:30] [Server thread/INFO]: Starting minecraft server version 1.21.3
[21:14:30] [Server thread/INFO]: Loading properties
[21:14:31] [Server thread/INFO]: This server is running Paper version 1.21.3-82-ver/1.21.3@5a60ffb (2024-12-23T19:10:30Z) (Implementing API version 1.21.3-R0.1-SNAPSHOT)
[21:14:31] [Server thread/INFO]: [spark] This server bundles the spark profiler. For more information please visit https://docs.papermc.io/paper/profiling
[21:14:31] [Server thread/INFO]: Server Ping Player Sample Count: 12
[21:14:31] [Server thread/INFO]: Using 4 threads for Netty based IO
[21:14:32] [Server thread/INFO]: [MoonriseCommon] Paper is using 1 worker threads, 1 I/O threads
[21:14:32] [Server thread/INFO]: [ChunkTaskScheduler] Chunk system is using population gen parallelism: true
[21:14:32] [Server thread/INFO]: Default game type: SURVIVAL
[21:14:32] [Server thread/INFO]: Generating keypair
[21:14:32] [Server thread/INFO]: Starting Minecraft server on *:25565
[21:14:32] [Server thread/INFO]: Using epoll channel type
[21:14:32] [Server thread/INFO]: Paper: Using libdeflate (Linux x86_64) compression from Velocity.
[21:14:32] [Server thread/INFO]: Paper: Using OpenSSL 3.x.x (Linux x86_64) cipher from Velocity.
[21:14:32] [Server thread/INFO]: Preparing level "world"
[21:14:40] [Paper Common Worker #0/INFO]: [MCTypeRegistry] Initialising converters for DataConverter...
[21:14:40] [Paper Common Worker #0/INFO]: [MCTypeRegistry] Finished initialising converters for DataConverter in 190.8ms
[21:14:44] [Server thread/INFO]: Preparing start region for dimension minecraft:overworld
[21:14:44] [Server thread/INFO]: Preparing spawn area: 2%
[21:14:45] [Server thread/INFO]: Preparing spawn area: 2%
[21:14:45] [Server thread/INFO]: Preparing spawn area: 2%
[21:14:46] [Server thread/INFO]: Preparing spawn area: 4%
[21:14:46] [Server thread/INFO]: Preparing spawn area: 16%
[21:14:47] [Server thread/INFO]: Preparing spawn area: 18%
[21:14:47] [Server thread/INFO]: Preparing spawn area: 18%
[21:14:48] [Server thread/INFO]: Preparing spawn area: 24%
[21:14:48] [Server thread/INFO]: Preparing spawn area: 51%
[21:14:49] [Server thread/INFO]: Preparing spawn area: 51%
[21:14:49] [Server thread/INFO]: Preparing spawn area: 61%
[21:14:50] [Server thread/INFO]: Preparing spawn area: 69%
[21:14:50] [Server thread/INFO]: Time elapsed: 5590 ms
[21:14:50] [Server thread/INFO]: Preparing start region for dimension minecraft:the_nether
[21:14:50] [Server thread/INFO]: Preparing spawn area: 2%
[21:14:50] [Server thread/INFO]: Preparing spawn area: 4%
[21:14:51] [Server thread/INFO]: Preparing spawn area: 24%
[21:14:51] [Server thread/INFO]: Preparing spawn area: 61%
[21:14:52] [Server thread/INFO]: Time elapsed: 1989 ms
[21:14:52] [Server thread/INFO]: Preparing start region for dimension minecraft:the_end
[21:14:52] [Server thread/INFO]: Preparing spawn area: 2%
[21:14:52] [Server thread/INFO]: Preparing spawn area: 51%
[21:14:52] [Server thread/INFO]: Time elapsed: 572 ms
[21:14:52] [Server thread/INFO]: [spark] Starting background profiler...
[21:14:52] [Server thread/INFO]: Done preparing level "world" (20.088s)
[21:14:52] [Server thread/INFO]: Starting remote control listener
[21:14:52] [Server thread/INFO]: Thread RCON Listener started
[21:14:52] [Server thread/INFO]: RCON running on 0.0.0.0:25575
[21:14:52] [Server thread/INFO]: Running delayed init tasks
[21:14:52] [Server thread/INFO]: Done (31.137s)! For help, type "help"
[21:14:52] [Server thread/INFO]: *************************************************************************************
[21:14:52] [Server thread/INFO]: This is the first time you're starting this server.
[21:14:52] [Server thread/INFO]: It's recommended you read our 'Getting Started' documentation for guidance.
[21:14:52] [Server thread/INFO]: View this and more helpful information here: https://docs.papermc.io/paper/next-steps
[21:14:52] [Server thread/INFO]: *************************************************************************************
